<?xml version="1.0" encoding="UTF-8"?>
<testng-results ignored="0" total="1" passed="1" failed="0" skipped="0">
  <reporter-output>
  </reporter-output>
  <suite started-at="2023-10-29T15:52:31 IST" name="Default suite" finished-at="2023-10-29T15:52:32 IST" duration-ms="1689">
    <groups>
    </groups>
    <test started-at="2023-10-29T15:52:31 IST" name="Default test" finished-at="2023-10-29T15:52:32 IST" duration-ms="1689">
      <class name="com.rest.sample.SampleGET">
        <test-method signature="simpleGet()[pri:1, instance:com.rest.sample.SampleGET@3406472c]" started-at="2023-10-29T15:52:31 IST" name="simpleGet" finished-at="2023-10-29T15:52:32 IST" duration-ms="1572" status="PASS">
          <reporter-output>
          </reporter-output>
        </test-method> <!-- simpleGet -->
      </class> <!-- com.rest.sample.SampleGET -->
    </test> <!-- Default test -->
  </suite> <!-- Default suite -->
</testng-results>
